/home/ys/anaconda3/lib/python3.6/site-packages/h5py/__init__.py:36: FutureWarning: Conversion of the second argument of issubdtype from `float` to `np.floating` is deprecated. In future, it will be treated as `np.float64 == np.dtype(float).type`.
  from ._conv import register_converters as _register_converters
Using TensorFlow backend.
WARNING:tensorflow:From /home/ys/anaconda3/lib/python3.6/site-packages/tensorflow/python/framework/op_def_library.py:263: colocate_with (from tensorflow.python.framework.ops) is deprecated and will be removed in a future version.
Instructions for updating:
Colocations handled automatically by placer.
2019-05-05 11:02:21.044071: I tensorflow/core/platform/cpu_feature_guard.cc:141] Your CPU supports instructions that this TensorFlow binary was not compiled to use: AVX2 FMA
2019-05-05 11:02:21.047572: I tensorflow/core/platform/profile_utils/cpu_utils.cc:94] CPU Frequency: 3408300000 Hz
2019-05-05 11:02:21.047895: I tensorflow/compiler/xla/service/service.cc:150] XLA service 0x563e7c9ffd30 executing computations on platform Host. Devices:
2019-05-05 11:02:21.047916: I tensorflow/compiler/xla/service/service.cc:158]   StreamExecutor device (0): <undefined>, <undefined>
WARNING:tensorflow:From /home/ys/anaconda3/lib/python3.6/site-packages/tensorflow/python/ops/math_ops.py:3066: to_int32 (from tensorflow.python.ops.math_ops) is deprecated and will be removed in a future version.
Instructions for updating:
Use tf.cast instead.
----------ITER 0----------
[3.536423, 3.204195, 0.3322279, 0.16015625, 0.8125]
----------ITER 1----------
[2.7524312, 2.3246517, 0.4277795, 0.44921875, 0.6953125]
----------ITER 2----------
[1.9268117, 1.6229625, 0.30384922, 0.5859375, 0.75390625]
----------ITER 3----------
[1.5970601, 1.281137, 0.3159231, 0.6796875, 0.80859375]
----------ITER 4----------
[1.5318811, 1.1207311, 0.41114998, 0.6796875, 0.77734375]
----------ITER 5----------
[1.4327507, 0.9725205, 0.46023017, 0.6953125, 0.76953125]
----------ITER 6----------
[1.2562017, 0.8822173, 0.37398452, 0.73828125, 0.6796875]
----------ITER 7----------
[1.4456556, 0.9054024, 0.5402531, 0.7734375, 0.69921875]
----------ITER 8----------
[1.5560452, 0.9918908, 0.5641544, 0.71875, 0.59375]
----------ITER 9----------
[1.7757015, 1.2432125, 0.53248906, 0.65625, 0.6015625]
----------ITER 10----------
[1.7182385, 1.2055318, 0.51270664, 0.65625, 0.5859375]
----------ITER 11----------
[1.7187905, 1.1924562, 0.5263342, 0.66796875, 0.5546875]
----------ITER 12----------
[1.7527008, 1.1914206, 0.5612802, 0.65625, 0.5390625]
----------ITER 13----------
[1.7260993, 1.2737937, 0.4523056, 0.625, 0.578125]
----------ITER 14----------
[1.6328433, 1.1130153, 0.51982796, 0.67578125, 0.57421875]
----------ITER 15----------
[1.7019645, 1.1148783, 0.5870862, 0.71484375, 0.5234375]
----------ITER 16----------
[1.8419356, 1.2307959, 0.6111398, 0.66796875, 0.4765625]
----------ITER 17----------
[1.7228642, 1.1654358, 0.5574283, 0.6796875, 0.5625]
----------ITER 18----------
[1.8258197, 1.3069642, 0.5188556, 0.62890625, 0.515625]
----------ITER 19----------
[1.7710898, 1.2110181, 0.56007165, 0.66015625, 0.578125]
----------ITER 20----------
[1.619515, 1.1571133, 0.4624017, 0.66796875, 0.5859375]
----------ITER 21----------
[1.6424696, 1.1725397, 0.46993, 0.6484375, 0.59765625]
----------ITER 22----------
[1.8238916, 1.3541565, 0.46973515, 0.625, 0.5546875]
----------ITER 23----------
[1.6522502, 1.1879992, 0.46425092, 0.66015625, 0.5859375]
----------ITER 24----------
[1.7211027, 1.2148504, 0.5062523, 0.66796875, 0.625]
----------ITER 25----------
[1.6685748, 1.2254906, 0.44308424, 0.609375, 0.62109375]
----------ITER 26----------
[1.6400826, 1.2180154, 0.4220672, 0.6484375, 0.640625]
----------ITER 27----------
[1.7923987, 1.2814412, 0.5109574, 0.61328125, 0.62109375]
----------ITER 28----------
[1.9188861, 1.4315033, 0.4873828, 0.58984375, 0.60546875]
----------ITER 29----------
[1.5240519, 1.1316394, 0.3924126, 0.66796875, 0.65625]
----------ITER 30----------
[1.6105132, 1.1646347, 0.44587845, 0.68359375, 0.62890625]
----------ITER 31----------
[1.7701471, 1.2674071, 0.50274, 0.6796875, 0.6015625]
----------ITER 32----------
[1.5668535, 1.1238894, 0.44296402, 0.671875, 0.6328125]
----------ITER 33----------
[1.7299864, 1.30962, 0.42036644, 0.640625, 0.6640625]
----------ITER 34----------
[1.6696291, 1.1983048, 0.47132427, 0.65234375, 0.62109375]
----------ITER 35----------
[1.6524367, 1.25435, 0.3980868, 0.69140625, 0.72265625]
----------ITER 36----------
[1.4734527, 1.1095388, 0.36391386, 0.69140625, 0.6484375]
----------ITER 37----------
[1.5996765, 1.1522768, 0.4473997, 0.66796875, 0.6171875]
----------ITER 38----------
[1.5006804, 1.0244236, 0.47625685, 0.66796875, 0.640625]
----------ITER 39----------
[1.5592309, 1.0473455, 0.5118854, 0.68359375, 0.64453125]
----------ITER 40----------
[1.6574354, 1.1458676, 0.5115678, 0.65234375, 0.71875]
----------ITER 41----------
[1.4965422, 1.0988519, 0.39769024, 0.6953125, 0.6953125]
----------ITER 42----------
[1.4005424, 1.0183308, 0.38221154, 0.71875, 0.69140625]
----------ITER 43----------
[1.652852, 1.2081455, 0.44470662, 0.63671875, 0.64453125]
----------ITER 44----------
[1.6885002, 1.241754, 0.44674617, 0.64453125, 0.6640625]
----------ITER 45----------
[1.6070029, 1.0777894, 0.5292134, 0.66796875, 0.65234375]
----------ITER 46----------
[1.6135465, 1.1217989, 0.49174762, 0.671875, 0.62109375]
----------ITER 47----------
[1.6499431, 1.188039, 0.4619041, 0.625, 0.66796875]
----------ITER 48----------
[1.5576771, 1.0891603, 0.4685168, 0.6484375, 0.66015625]
----------ITER 49----------
[1.5875113, 1.124927, 0.46258432, 0.65234375, 0.6484375]
----------ITER 50----------
[1.4161164, 0.9848423, 0.43127406, 0.69921875, 0.6328125]
----------ITER 51----------
[1.4015019, 0.9970201, 0.40448183, 0.69921875, 0.67578125]
----------ITER 52----------
[1.6114726, 1.1411806, 0.4702919, 0.66796875, 0.609375]
----------ITER 53----------
[1.6061417, 1.0886352, 0.5175065, 0.66796875, 0.62890625]
----------ITER 54----------
[1.5668979, 1.0801651, 0.48673278, 0.6484375, 0.59765625]
----------ITER 55----------
[1.5201548, 1.0339936, 0.4861612, 0.71484375, 0.6171875]
----------ITER 56----------
[1.5201914, 1.0665543, 0.45363718, 0.67578125, 0.6640625]
----------ITER 57----------
[1.4992807, 1.0919224, 0.40735835, 0.66796875, 0.77734375]
----------ITER 58----------
[1.5341573, 1.0635111, 0.4706462, 0.68359375, 0.60546875]
----------ITER 59----------
[1.415769, 1.0742792, 0.34148982, 0.6875, 0.64453125]
----------ITER 60----------
[1.2879379, 0.8583115, 0.42962646, 0.71875, 0.70703125]
----------ITER 61----------
[1.4126592, 0.9831716, 0.42948765, 0.6875, 0.671875]
----------ITER 62----------
[1.6165199, 1.290947, 0.325573, 0.65625, 0.671875]
----------ITER 63----------
[1.5776057, 1.1187646, 0.4588411, 0.6796875, 0.71875]
----------ITER 64----------
[1.438725, 0.9844254, 0.45429957, 0.6953125, 0.6484375]
----------ITER 65----------
[1.3839428, 0.9520693, 0.43187356, 0.73828125, 0.65625]
----------ITER 66----------
[1.4762199, 1.0076281, 0.46859184, 0.69921875, 0.6484375]
----------ITER 67----------
[1.6514078, 1.1483824, 0.5030254, 0.66015625, 0.578125]
----------ITER 68----------
[1.3605986, 0.94147784, 0.41912067, 0.7265625, 0.68359375]
----------ITER 69----------
[1.4840323, 1.0729717, 0.4110606, 0.71875, 0.65234375]
----------ITER 70----------
[1.5176022, 1.1086189, 0.4089833, 0.7265625, 0.64453125]
----------ITER 71----------
[1.3558902, 0.9261662, 0.42972398, 0.75390625, 0.61328125]
----------ITER 72----------
[1.3676376, 0.8788918, 0.48874584, 0.7109375, 0.66796875]
----------ITER 73----------
[1.4785062, 1.037024, 0.44148216, 0.7265625, 0.60546875]
----------ITER 74----------
[1.5251755, 1.0617602, 0.46341527, 0.65625, 0.62109375]
----------ITER 75----------
[1.4168904, 0.81513906, 0.6017513, 0.67578125, 0.55078125]
----------ITER 76----------
[1.6161631, 1.0324627, 0.5837004, 0.7265625, 0.58203125]
----------ITER 77----------
[1.3093565, 0.88928235, 0.42007405, 0.74609375, 0.6484375]
----------ITER 78----------
[1.4949571, 0.9439305, 0.5510266, 0.734375, 0.60546875]
----------ITER 79----------
[1.3682511, 0.9206798, 0.44757122, 0.71484375, 0.62109375]
----------ITER 80----------
[1.1860222, 0.722502, 0.46352014, 0.7734375, 0.62109375]
----------ITER 81----------
[1.3598118, 0.832571, 0.5272407, 0.75390625, 0.58203125]
----------ITER 82----------
[1.3928335, 0.86769605, 0.52513736, 0.734375, 0.625]
----------ITER 83----------
[1.371136, 0.8531461, 0.5179898, 0.70703125, 0.5859375]
----------ITER 84----------
[1.4073318, 0.8388313, 0.5685005, 0.73046875, 0.57421875]
----------ITER 85----------
[1.3136142, 0.8645799, 0.44903436, 0.69140625, 0.5546875]
----------ITER 86----------
[1.4200933, 0.922223, 0.49787027, 0.74609375, 0.640625]
----------ITER 87----------
[1.2083882, 0.76715285, 0.44123533, 0.71875, 0.59765625]
----------ITER 88----------
[1.2810247, 0.8864591, 0.39456558, 0.72265625, 0.64453125]
----------ITER 89----------
[1.4430956, 0.917378, 0.52571756, 0.71875, 0.65234375]
----------ITER 90----------
[1.4883308, 0.8949677, 0.59336317, 0.703125, 0.71484375]
----------ITER 91----------
[1.2879844, 0.8223299, 0.46565443, 0.7109375, 0.65625]
----------ITER 92----------
[1.2393095, 0.7571759, 0.48213366, 0.76171875, 0.63671875]
----------ITER 93----------
[1.2620547, 0.70980376, 0.55225086, 0.7734375, 0.5703125]
----------ITER 94----------
[1.059366, 0.63158166, 0.42778435, 0.82421875, 0.65625]
----------ITER 95----------
[1.3586197, 0.8123, 0.5463197, 0.765625, 0.64453125]
----------ITER 96----------
[1.4391968, 0.81235975, 0.62683713, 0.71484375, 0.5546875]
----------ITER 97----------
[1.3138466, 0.7976862, 0.5161603, 0.75390625, 0.61328125]
----------ITER 98----------
[1.3611257, 0.8009962, 0.56012946, 0.74609375, 0.5546875]
----------ITER 99----------
[1.3901521, 0.859777, 0.5303751, 0.69921875, 0.59765625]
----------ITER 100----------
[1.3194844, 0.7665404, 0.55294394, 0.7734375, 0.54296875]
----------ITER 101----------
[1.1979885, 0.72366226, 0.47432625, 0.75390625, 0.59375]
----------ITER 102----------
[1.2889218, 0.66595924, 0.62296265, 0.765625, 0.640625]
----------ITER 103----------
[1.2818065, 0.7951045, 0.4867019, 0.765625, 0.5703125]
----------ITER 104----------
[1.016808, 0.62318254, 0.39362544, 0.84375, 0.69140625]
----------ITER 105----------
[1.027456, 0.6375785, 0.38987753, 0.7890625, 0.6015625]
----------ITER 106----------
[1.2067627, 0.7105883, 0.4961744, 0.8125, 0.6484375]
----------ITER 107----------
[1.3262329, 0.7914273, 0.53480566, 0.78125, 0.59375]
----------ITER 108----------
[1.1008143, 0.6725647, 0.42824963, 0.7890625, 0.671875]
----------ITER 109----------
[1.3671515, 0.7566628, 0.61048865, 0.7421875, 0.56640625]
----------ITER 110----------
[1.3279824, 0.74034613, 0.58763623, 0.8046875, 0.66796875]
----------ITER 111----------
[1.2483525, 0.7493671, 0.49898538, 0.76953125, 0.6171875]
----------ITER 112----------
[1.3054173, 0.80128956, 0.5041277, 0.71875, 0.5546875]
----------ITER 113----------
[1.4210718, 0.8494122, 0.5716595, 0.73828125, 0.62109375]
----------ITER 114----------
[1.2130837, 0.70526314, 0.5078206, 0.78515625, 0.6015625]
----------ITER 115----------
[1.2610539, 0.7634318, 0.49762216, 0.75, 0.578125]
----------ITER 116----------
[1.4395579, 0.9577614, 0.48179653, 0.71875, 0.578125]
----------ITER 117----------
[1.240967, 0.75147164, 0.48949546, 0.7578125, 0.5703125]
----------ITER 118----------
[1.3339367, 0.8562638, 0.47767293, 0.73046875, 0.63671875]
----------ITER 119----------
[1.2956138, 0.7745094, 0.52110434, 0.74609375, 0.60546875]
----------ITER 120----------
[1.1991644, 0.78276426, 0.41640013, 0.7890625, 0.7421875]
----------ITER 121----------
[1.3911471, 0.9880506, 0.40309656, 0.73828125, 0.66796875]
----------ITER 122----------
[1.3348014, 0.862942, 0.4718594, 0.734375, 0.64453125]
----------ITER 123----------
[1.3091861, 0.82387567, 0.4853104, 0.78125, 0.72265625]
----------ITER 124----------
[1.3591509, 0.79933655, 0.5598143, 0.765625, 0.6953125]
----------ITER 125----------
[1.0052493, 0.6210313, 0.38421798, 0.80859375, 0.73046875]
----------ITER 126----------
[1.4029098, 0.91577315, 0.4871366, 0.73828125, 0.69140625]
----------ITER 127----------
[1.38926, 0.89250433, 0.4967557, 0.73046875, 0.65625]
----------ITER 128----------
[1.286148, 0.7890135, 0.49713448, 0.75390625, 0.6328125]
----------ITER 129----------
[1.3978462, 0.8865675, 0.5112787, 0.703125, 0.6484375]
----------ITER 130----------
[1.4431803, 0.9015811, 0.54159915, 0.71484375, 0.64453125]
----------ITER 131----------
[1.3969746, 0.9150051, 0.48196942, 0.734375, 0.62890625]
----------ITER 132----------
[1.3752811, 0.797621, 0.5776601, 0.765625, 0.62109375]
----------ITER 133----------
[1.228739, 0.6984873, 0.53025174, 0.78515625, 0.62109375]
----------ITER 134----------
[1.3303912, 0.773389, 0.5570021, 0.78125, 0.56640625]
----------ITER 135----------
[1.6850138, 1.0619204, 0.62309337, 0.67578125, 0.609375]
----------ITER 136----------
[1.4363722, 0.8920677, 0.5443045, 0.71484375, 0.59375]
----------ITER 137----------
[1.3497738, 0.90169716, 0.44807658, 0.73046875, 0.625]
----------ITER 138----------
[1.6219664, 1.0455277, 0.5764386, 0.71484375, 0.58203125]
----------ITER 139----------
[1.5371126, 1.0142707, 0.52284193, 0.6796875, 0.59765625]
----------ITER 140----------
[1.6870413, 1.0304334, 0.65660787, 0.703125, 0.515625]
----------ITER 141----------
[1.467031, 0.9720595, 0.49497145, 0.73046875, 0.59375]
----------ITER 142----------
[1.4383136, 0.9580995, 0.48021412, 0.6953125, 0.61328125]
----------ITER 143----------
[1.5769799, 1.0319736, 0.5450063, 0.71875, 0.60546875]
----------ITER 144----------
[1.4990503, 1.0351181, 0.46393216, 0.64453125, 0.5625]
----------ITER 145----------
[1.5773354, 1.0196145, 0.55772084, 0.640625, 0.546875]
----------ITER 146----------
[1.4338089, 0.90881705, 0.52499187, 0.734375, 0.6015625]
----------ITER 147----------
[1.6511321, 1.0617592, 0.5893729, 0.66015625, 0.484375]
----------ITER 148----------
[1.3878093, 0.88940895, 0.49840036, 0.70703125, 0.546875]
----------ITER 149----------
[1.7272773, 1.1101007, 0.6171765, 0.63671875, 0.53515625]
----------ITER 150----------
[1.8734388, 1.2439097, 0.6295291, 0.63671875, 0.51953125]
----------ITER 151----------
[1.6059773, 1.0208025, 0.5851748, 0.66015625, 0.5234375]
----------ITER 152----------
[1.6286383, 1.0284064, 0.6002318, 0.6328125, 0.51171875]
----------ITER 153----------
[1.6793525, 1.1790729, 0.5002796, 0.6171875, 0.62890625]
----------ITER 154----------
[1.7095518, 1.0968695, 0.6126823, 0.671875, 0.54296875]
----------ITER 155----------
[1.7054536, 1.0238113, 0.68164223, 0.66015625, 0.4921875]
----------ITER 156----------
[1.5901378, 0.994774, 0.59536386, 0.66796875, 0.55859375]
----------ITER 157----------
[1.6509326, 1.1424892, 0.5084434, 0.61328125, 0.5703125]
----------ITER 158----------
[1.5109682, 0.9497745, 0.5611937, 0.6796875, 0.6015625]
----------ITER 159----------
[1.8897834, 1.3109992, 0.5787843, 0.60546875, 0.6015625]
----------ITER 160----------
[1.5715702, 0.9769114, 0.5946587, 0.65625, 0.5078125]
----------ITER 161----------
[1.5448775, 0.96810377, 0.57677376, 0.6875, 0.578125]
----------ITER 162----------
[1.6677094, 1.0776899, 0.5900194, 0.7109375, 0.50390625]
----------ITER 163----------
[1.7751402, 1.2898004, 0.48533973, 0.59765625, 0.59765625]
----------ITER 164----------
[1.8496783, 1.1762941, 0.6733842, 0.64453125, 0.52734375]
----------ITER 165----------
[1.4332228, 0.9678483, 0.46537453, 0.7109375, 0.5546875]
----------ITER 166----------
[1.699821, 1.0867829, 0.61303806, 0.65234375, 0.50390625]
----------ITER 167----------
[1.6210011, 1.0613102, 0.55969095, 0.66015625, 0.546875]
----------ITER 168----------
[1.6523376, 1.0770218, 0.5753157, 0.70703125, 0.5625]
----------ITER 169----------
[1.8344604, 1.2107314, 0.623729, 0.62890625, 0.49609375]
----------ITER 170----------
[1.6788793, 1.0442497, 0.6346296, 0.7265625, 0.5703125]
----------ITER 171----------
[1.6603866, 1.103094, 0.5572926, 0.6640625, 0.53515625]
----------ITER 172----------
[1.4656025, 0.9952445, 0.470358, 0.71875, 0.5859375]
----------ITER 173----------
[1.5248678, 0.86132634, 0.6635414, 0.734375, 0.5234375]
----------ITER 174----------
[1.760112, 1.2257736, 0.5343385, 0.65234375, 0.5859375]
----------ITER 175----------
[1.8640283, 1.2151623, 0.64886606, 0.62890625, 0.5234375]
----------ITER 176----------
[1.5932314, 0.9400934, 0.65313804, 0.7265625, 0.484375]
----------ITER 177----------
[1.5812094, 0.9963421, 0.5848673, 0.67578125, 0.546875]
----------ITER 178----------
[1.4755809, 0.93429935, 0.5412816, 0.7265625, 0.546875]
----------ITER 179----------
[1.5986333, 0.9745259, 0.62410736, 0.703125, 0.546875]
----------ITER 180----------
[1.7570043, 1.098983, 0.6580212, 0.68359375, 0.5390625]
----------ITER 181----------
[1.572386, 0.97863805, 0.5937479, 0.703125, 0.54296875]
----------ITER 182----------
[1.664884, 1.0757767, 0.5891073, 0.68359375, 0.5546875]
----------ITER 183----------
[1.6179961, 1.0491669, 0.5688292, 0.703125, 0.62109375]
----------ITER 184----------
[1.4814972, 0.98783934, 0.49365783, 0.76171875, 0.6015625]
----------ITER 185----------
[1.7386414, 1.0872023, 0.6514391, 0.6640625, 0.54296875]
----------ITER 186----------
[1.5545073, 1.0541784, 0.50032884, 0.66015625, 0.609375]
----------ITER 187----------
[1.5389717, 0.98670954, 0.55226207, 0.68359375, 0.59375]
----------ITER 188----------
[1.6873634, 1.0773283, 0.610035, 0.66015625, 0.578125]
----------ITER 189----------
[1.4638505, 0.9373845, 0.526466, 0.69921875, 0.578125]
----------ITER 190----------
[1.5061872, 0.9423731, 0.56381404, 0.71484375, 0.609375]
----------ITER 191----------
[1.5039244, 0.940187, 0.5637374, 0.703125, 0.6015625]
----------ITER 192----------
[1.4057168, 0.8773148, 0.528402, 0.734375, 0.640625]
----------ITER 193----------
[1.2703416, 0.77711695, 0.49322462, 0.76953125, 0.6171875]
----------ITER 194----------
[1.3998067, 0.9056406, 0.49416614, 0.69140625, 0.62890625]
----------ITER 195----------
[1.445407, 0.91058576, 0.5348213, 0.71875, 0.61328125]
----------ITER 196----------
[1.5824971, 0.95352864, 0.6289685, 0.734375, 0.53515625]
----------ITER 197----------
[1.5986675, 0.94858426, 0.65008324, 0.734375, 0.5]
----------ITER 198----------
[1.5291221, 0.9166875, 0.6124346, 0.73046875, 0.5234375]
----------ITER 199----------
[1.3444437, 0.73834395, 0.6060997, 0.76171875, 0.55078125]
----------ITER 200----------
[1.4155035, 0.77421844, 0.64128506, 0.73046875, 0.5078125]
----------ITER 201----------
[1.3407736, 0.78987646, 0.55089706, 0.7265625, 0.54296875]
----------ITER 202----------
[1.382858, 0.8219241, 0.56093395, 0.71484375, 0.55078125]
----------ITER 203----------
[1.3906162, 0.80918914, 0.5814271, 0.72265625, 0.5703125]
----------ITER 204----------
[1.4444427, 0.8411348, 0.60330796, 0.73828125, 0.546875]
----------ITER 205----------
[1.5220566, 0.92789435, 0.5941623, 0.72265625, 0.55859375]
----------ITER 206----------
[1.3486655, 0.7213454, 0.62732, 0.77734375, 0.47265625]
----------ITER 207----------
[1.3327184, 0.7476267, 0.5850916, 0.78125, 0.5703125]
----------ITER 208----------
[1.3859704, 0.79386175, 0.5921086, 0.7578125, 0.55078125]
----------ITER 209----------
[1.5411284, 0.892041, 0.6490873, 0.703125, 0.5078125]
----------ITER 210----------
[1.4825587, 0.83835936, 0.6441994, 0.76171875, 0.48046875]
----------ITER 211----------
[1.4683309, 0.83648086, 0.63185006, 0.74609375, 0.48828125]
----------ITER 212----------
[1.5552416, 0.8749693, 0.6802723, 0.6953125, 0.42578125]
----------ITER 213----------
[1.6749249, 0.9798272, 0.6950977, 0.69140625, 0.48828125]
----------ITER 214----------
[1.6295041, 0.8735615, 0.7559426, 0.72265625, 0.44921875]
----------ITER 215----------
[1.687161, 0.92411995, 0.763041, 0.7265625, 0.390625]
----------ITER 216----------
[1.5641638, 0.84666777, 0.71749604, 0.76953125, 0.4609375]
----------ITER 217----------
[1.5959642, 1.0289133, 0.56705093, 0.640625, 0.49609375]
----------ITER 218----------
[1.6101539, 0.9316256, 0.67852837, 0.69140625, 0.453125]
----------ITER 219----------
[1.8538246, 1.1322081, 0.7216165, 0.68359375, 0.4453125]
----------ITER 220----------
[1.5978553, 0.8844302, 0.71342504, 0.734375, 0.4453125]
----------ITER 221----------
[1.6733716, 1.0202457, 0.6531259, 0.6171875, 0.46484375]
----------ITER 222----------
[1.6338618, 0.9872172, 0.64664465, 0.67578125, 0.51171875]
----------ITER 223----------
[1.8337104, 1.1117725, 0.72193784, 0.67578125, 0.4296875]
----------ITER 224----------
[1.7943468, 1.2205718, 0.57377505, 0.6328125, 0.51953125]
----------ITER 225----------
[1.6550443, 1.06938, 0.5856643, 0.6796875, 0.49609375]
----------ITER 226----------
[1.4873387, 0.90394604, 0.5833926, 0.734375, 0.48828125]
----------ITER 227----------
[1.5906155, 1.045397, 0.54521847, 0.71875, 0.4921875]
----------ITER 228----------
[1.7998698, 1.200346, 0.5995238, 0.671875, 0.45703125]
----------ITER 229----------
[1.7394438, 1.1312362, 0.6082075, 0.63671875, 0.42578125]
----------ITER 230----------
[1.8413361, 1.1636034, 0.6777327, 0.67578125, 0.4765625]
----------ITER 231----------
[1.6496615, 1.1040316, 0.54563, 0.6953125, 0.51171875]
----------ITER 232----------
[1.9637122, 1.344902, 0.6188101, 0.5703125, 0.484375]
----------ITER 233----------
[1.9744477, 1.2705358, 0.70391196, 0.63671875, 0.453125]
----------ITER 234----------
[1.9818752, 1.4071236, 0.5747516, 0.61328125, 0.49609375]
----------ITER 235----------
[1.6749777, 1.1425271, 0.53245056, 0.671875, 0.5546875]
----------ITER 236----------
[1.7127936, 1.2185829, 0.49421066, 0.66015625, 0.55859375]
----------ITER 237----------
[1.7138405, 1.1546416, 0.55919886, 0.6484375, 0.5390625]
----------ITER 238----------
[1.6558192, 1.10857, 0.54724926, 0.67578125, 0.4921875]
----------ITER 239----------
[1.7220979, 1.2487319, 0.47336605, 0.62890625, 0.59765625]
----------ITER 240----------
[1.843997, 1.2291176, 0.6148794, 0.65625, 0.55078125]
----------ITER 241----------
[1.8673494, 1.3491131, 0.5182362, 0.609375, 0.57421875]
----------ITER 242----------
[2.0151505, 1.3459858, 0.6691649, 0.609375, 0.53125]
----------ITER 243----------
[1.9721248, 1.3584454, 0.61367947, 0.60546875, 0.50390625]
----------ITER 244----------
[1.7625799, 1.104904, 0.65767586, 0.65625, 0.51953125]
----------ITER 245----------
[1.5476131, 1.0698164, 0.4777968, 0.66796875, 0.57421875]
----------ITER 246----------
[1.6776865, 1.0421647, 0.63552177, 0.64453125, 0.5]
----------ITER 247----------
[1.5750087, 1.0468017, 0.52820706, 0.67578125, 0.5546875]
----------ITER 248----------
[1.898123, 1.3376691, 0.56045395, 0.63671875, 0.5390625]
----------ITER 249----------
[1.6094663, 1.1444082, 0.4650581, 0.65625, 0.59375]
----------ITER 250----------
[1.7909502, 1.144677, 0.64627314, 0.59765625, 0.53515625]
----------ITER 251----------
[1.645337, 1.0959717, 0.5493653, 0.6484375, 0.54296875]
----------ITER 252----------
[1.6490954, 1.0370067, 0.6120887, 0.66796875, 0.5078125]
----------ITER 253----------
[1.8525366, 1.2779446, 0.574592, 0.60546875, 0.546875]
----------ITER 254----------
[1.768263, 1.2183912, 0.5498718, 0.66015625, 0.5703125]
----------ITER 255----------
[1.7572247, 1.0896596, 0.6675651, 0.6328125, 0.52734375]
----------ITER 256----------
[1.5026741, 0.98777384, 0.5149003, 0.70703125, 0.54296875]
----------ITER 257----------
[1.4940424, 1.0023025, 0.49173984, 0.70703125, 0.60546875]
----------ITER 258----------
[1.6320949, 1.0796145, 0.5524803, 0.6796875, 0.59765625]
----------ITER 259----------
[1.7314296, 1.2016983, 0.52973133, 0.61328125, 0.51171875]
----------ITER 260----------
[1.5235932, 0.98578846, 0.53780466, 0.69921875, 0.6015625]
----------ITER 261----------
[1.6755235, 1.1316309, 0.5438927, 0.66796875, 0.58984375]
----------ITER 262----------
[1.6078117, 1.0379274, 0.56988424, 0.69140625, 0.55859375]
----------ITER 263----------
[1.5982115, 0.9897464, 0.6084651, 0.67578125, 0.58203125]
----------ITER 264----------
[1.5675232, 0.94789314, 0.6196301, 0.703125, 0.52734375]
----------ITER 265----------
[1.4875925, 0.9994651, 0.48812738, 0.6953125, 0.59375]
----------ITER 266----------
[1.4331561, 0.91413033, 0.5190258, 0.76171875, 0.5625]
----------ITER 267----------
[1.4904695, 0.8622745, 0.62819487, 0.70703125, 0.515625]
----------ITER 268----------
[1.4801898, 0.9579586, 0.5222313, 0.68359375, 0.55078125]
----------ITER 269----------
[1.5575635, 0.8823708, 0.6751927, 0.7421875, 0.51171875]
----------ITER 270----------
[1.6864231, 1.0786321, 0.60779095, 0.65234375, 0.5546875]
----------ITER 271----------
[1.4746858, 0.94613385, 0.52855194, 0.68359375, 0.5234375]
----------ITER 272----------
[1.4162736, 0.8967787, 0.5194949, 0.67578125, 0.5546875]
----------ITER 273----------
[1.5760994, 0.9560293, 0.6200701, 0.65234375, 0.59375]
----------ITER 274----------
[1.3596238, 0.780283, 0.5793408, 0.73828125, 0.546875]
----------ITER 275----------
[1.5642717, 1.0788928, 0.48537883, 0.6796875, 0.60546875]
----------ITER 276----------
[1.5300908, 0.9819821, 0.5481087, 0.70703125, 0.56640625]
----------ITER 277----------
[1.6069967, 1.0620549, 0.5449418, 0.65234375, 0.5703125]
----------ITER 278----------
[1.7104336, 1.0523593, 0.65807426, 0.66796875, 0.57421875]
----------ITER 279----------
[1.5326123, 0.9369557, 0.59565663, 0.69921875, 0.59765625]
----------ITER 280----------
[1.6202462, 1.0174202, 0.602826, 0.68359375, 0.6015625]
----------ITER 281----------
[1.5774363, 0.9322008, 0.64523554, 0.7109375, 0.59375]
----------ITER 282----------
[1.5925779, 0.919334, 0.673244, 0.6875, 0.46484375]
----------ITER 283----------
[1.5786333, 0.9173626, 0.6612707, 0.68359375, 0.546875]
----------ITER 284----------
[1.5969832, 1.0371916, 0.55979156, 0.67578125, 0.58984375]
----------ITER 285----------
[1.3275921, 0.7599904, 0.5676017, 0.7578125, 0.56640625]
----------ITER 286----------
[1.7314426, 1.0401783, 0.6912643, 0.69140625, 0.5390625]
----------ITER 287----------
[1.5618, 0.92595, 0.63585, 0.7265625, 0.5390625]
----------ITER 288----------
[1.50209, 0.8042413, 0.69784874, 0.70703125, 0.5078125]
----------ITER 289----------
[1.5729265, 1.0308592, 0.54206735, 0.66796875, 0.6171875]
----------ITER 290----------
[1.5068619, 0.9128736, 0.5939883, 0.6875, 0.60546875]
----------ITER 291----------
[1.4398708, 0.94513774, 0.49473312, 0.66796875, 0.6328125]
----------ITER 292----------
[1.5604548, 0.8806342, 0.6798206, 0.703125, 0.53125]
----------ITER 293----------
[1.6925828, 0.9010963, 0.79148656, 0.68359375, 0.44921875]
----------ITER 294----------
[1.4957496, 0.89318305, 0.60256654, 0.73828125, 0.5859375]
----------ITER 295----------
[1.7070715, 1.0387044, 0.66836715, 0.68359375, 0.48828125]
----------ITER 296----------
[1.7784985, 1.0729659, 0.70553267, 0.66015625, 0.4921875]
----------ITER 297----------
[1.6783154, 1.0591131, 0.61920226, 0.6796875, 0.56640625]
----------ITER 298----------
[1.4741852, 0.90956354, 0.56462175, 0.73828125, 0.546875]
----------ITER 299----------
[1.7400713, 1.0691588, 0.6709125, 0.69140625, 0.52734375]
----------ITER 300----------
[1.6775912, 1.0216217, 0.6559695, 0.6875, 0.5078125]
----------ITER 301----------
[1.7903454, 1.090702, 0.6996434, 0.64453125, 0.4921875]
----------ITER 302----------
[1.6884191, 1.0763631, 0.612056, 0.6640625, 0.51953125]
----------ITER 303----------
[1.4801115, 0.87597, 0.6041415, 0.71484375, 0.52734375]
----------ITER 304----------
[1.5207396, 1.0131979, 0.50754166, 0.6796875, 0.56640625]
----------ITER 305----------
[1.474695, 0.94021267, 0.53448236, 0.6484375, 0.515625]
----------ITER 306----------
[1.5117145, 0.98753065, 0.52418375, 0.71875, 0.57421875]
----------ITER 307----------
[1.4812765, 0.98804134, 0.49323523, 0.703125, 0.59765625]
----------ITER 308----------
[1.4946578, 0.92950964, 0.5651481, 0.734375, 0.5390625]
----------ITER 309----------
[1.6917073, 1.1452912, 0.54641604, 0.62890625, 0.546875]
----------ITER 310----------
[1.6261301, 1.0127139, 0.6134162, 0.6796875, 0.546875]
----------ITER 311----------
[1.2855331, 0.80240846, 0.48312458, 0.73828125, 0.55078125]
----------ITER 312----------
[1.6366243, 0.9989469, 0.63767743, 0.71875, 0.5546875]
----------ITER 313----------
[1.5532039, 1.0672529, 0.48595104, 0.67578125, 0.640625]
----------ITER 314----------
[1.4504459, 0.99120647, 0.45923942, 0.7109375, 0.640625]
----------ITER 315----------
[1.5270554, 1.0284576, 0.4985977, 0.671875, 0.609375]
----------ITER 316----------
[1.4810252, 1.0336778, 0.4473474, 0.67578125, 0.61328125]
----------ITER 317----------
[1.4869614, 0.975378, 0.5115833, 0.66015625, 0.6875]
----------ITER 318----------
[1.6766341, 1.1309681, 0.545666, 0.6640625, 0.60546875]
----------ITER 319----------
[1.5513198, 1.0425682, 0.50875163, 0.671875, 0.64453125]
----------ITER 320----------
[1.6200631, 1.1017302, 0.51833284, 0.64453125, 0.58203125]
----------ITER 321----------
[1.5137899, 1.0270417, 0.48674822, 0.63671875, 0.609375]
----------ITER 322----------
[1.6087356, 1.1841304, 0.42460507, 0.65625, 0.6484375]
----------ITER 323----------
[1.6711891, 1.133155, 0.5380341, 0.671875, 0.66015625]
----------ITER 324----------
[1.579865, 1.0863738, 0.49349117, 0.64453125, 0.63671875]
----------ITER 325----------
[1.4878821, 1.0082748, 0.47960734, 0.66796875, 0.65234375]
----------ITER 326----------
[1.5252665, 1.0746205, 0.45064607, 0.64453125, 0.671875]
----------ITER 327----------
[1.4984088, 1.0425183, 0.45589048, 0.66796875, 0.6640625]
----------ITER 328----------
[1.593719, 1.0529844, 0.54073465, 0.6875, 0.48828125]
----------ITER 329----------
[1.54438, 1.111403, 0.43297696, 0.6640625, 0.6796875]
----------ITER 330----------
[1.6744635, 1.1905667, 0.4838968, 0.60546875, 0.6640625]
----------ITER 331----------
[1.5829316, 1.0511068, 0.5318248, 0.6875, 0.62109375]
----------ITER 332----------
[1.6707468, 1.1127133, 0.55803347, 0.65234375, 0.59765625]
----------ITER 333----------
[2.00974, 1.496124, 0.5136161, 0.60546875, 0.6328125]
----------ITER 334----------
[1.7833898, 1.2653275, 0.51806235, 0.6484375, 0.65234375]
----------ITER 335----------
[1.7208045, 1.1434987, 0.57730585, 0.65234375, 0.64453125]
----------ITER 336----------
[1.5755587, 1.0337487, 0.5418099, 0.671875, 0.62890625]
----------ITER 337----------
[1.573808, 1.0782645, 0.4955435, 0.6875, 0.65234375]
----------ITER 338----------
[1.6524811, 1.1568176, 0.49566352, 0.63671875, 0.66796875]
----------ITER 339----------
[1.6740577, 1.0673162, 0.60674155, 0.6875, 0.578125]
----------ITER 340----------
[1.6395533, 1.0591068, 0.5804464, 0.67578125, 0.64453125]
----------ITER 341----------
[1.513699, 0.9683741, 0.5453249, 0.72265625, 0.65625]
----------ITER 342----------
[1.5167413, 1.025487, 0.49125433, 0.63671875, 0.6875]
----------ITER 343----------
[1.5815842, 1.0543268, 0.5272574, 0.6328125, 0.68359375]
----------ITER 344----------
[1.6413946, 1.0789213, 0.56247336, 0.6328125, 0.66015625]
----------ITER 345----------
[1.5438871, 1.0491171, 0.49477, 0.6640625, 0.6640625]
----------ITER 346----------
[1.5520816, 0.933224, 0.61885756, 0.6796875, 0.6015625]
----------ITER 347----------
[1.4666779, 0.8910918, 0.5755861, 0.75, 0.65625]
----------ITER 348----------
[1.5593597, 0.97382355, 0.5855361, 0.69921875, 0.67578125]
----------ITER 349----------
[1.7559955, 1.0928099, 0.66318554, 0.65625, 0.578125]
----------ITER 350----------
[1.5838438, 1.0335517, 0.55029213, 0.6796875, 0.640625]
----------ITER 351----------
[1.4335247, 0.9870151, 0.4465096, 0.66015625, 0.65625]
----------ITER 352----------
[1.653183, 1.0555087, 0.59767425, 0.68359375, 0.6171875]
----------ITER 353----------
[1.5906637, 0.9537534, 0.6369103, 0.68359375, 0.5703125]
----------ITER 354----------
[1.6888258, 1.0481173, 0.64070857, 0.65625, 0.56640625]
----------ITER 355----------
[1.7404895, 1.1227386, 0.6177508, 0.640625, 0.58984375]
----------ITER 356----------
[1.8808317, 1.2074571, 0.67337465, 0.64453125, 0.53125]
----------ITER 357----------
[1.6458977, 1.0395455, 0.6063522, 0.640625, 0.53515625]
----------ITER 358----------
[1.4439197, 0.9810052, 0.46291447, 0.66796875, 0.5703125]
----------ITER 359----------
[1.6758188, 1.0549238, 0.620895, 0.671875, 0.5546875]
----------ITER 360----------
[1.5920484, 0.9938351, 0.5982133, 0.6875, 0.55078125]
----------ITER 361----------
[1.4741518, 0.95359504, 0.52055675, 0.68359375, 0.5625]
----------ITER 362----------
[1.5239782, 0.9312773, 0.592701, 0.68359375, 0.55859375]
----------ITER 363----------
[1.6225301, 1.0981294, 0.5244007, 0.6484375, 0.625]
----------ITER 364----------
[1.7539778, 1.1599388, 0.59403896, 0.66796875, 0.53515625]
----------ITER 365----------
[1.5667024, 1.0374949, 0.52920747, 0.67578125, 0.62890625]
----------ITER 366----------
[1.6461186, 1.0710772, 0.5750415, 0.65234375, 0.5546875]
----------ITER 367----------
[1.804413, 1.1384027, 0.66601026, 0.640625, 0.51953125]
----------ITER 368----------
[1.495182, 0.91203195, 0.58315, 0.6875, 0.55078125]
----------ITER 369----------
[1.67413, 1.0562941, 0.6178358, 0.65625, 0.56640625]
----------ITER 370----------
[1.6626844, 1.1055211, 0.5571633, 0.64453125, 0.59765625]
----------ITER 371----------
[1.5720687, 1.0826815, 0.4893871, 0.65234375, 0.6171875]
----------ITER 372----------
[1.7154377, 1.1380118, 0.5774259, 0.6171875, 0.578125]
----------ITER 373----------
[1.6496239, 1.0833312, 0.5662926, 0.625, 0.60546875]
----------ITER 374----------
[1.6498148, 1.1960332, 0.45378166, 0.609375, 0.6171875]
----------ITER 375----------
[1.7066278, 1.2600839, 0.446544, 0.64453125, 0.6875]
----------ITER 376----------
[1.6899431, 1.1392895, 0.5506535, 0.6171875, 0.640625]
----------ITER 377----------
[1.3667434, 0.9830978, 0.38364562, 0.66015625, 0.66796875]
----------ITER 378----------
[1.6440072, 1.134414, 0.50959325, 0.62109375, 0.63671875]
----------ITER 379----------
[1.3277762, 0.8076731, 0.52010316, 0.703125, 0.68359375]
----------ITER 380----------
[1.3217568, 0.84160876, 0.48014808, 0.69921875, 0.6640625]
----------ITER 381----------
[1.4304363, 0.94987416, 0.48056206, 0.7109375, 0.63671875]
----------ITER 382----------
[1.4444113, 1.0247844, 0.41962683, 0.625, 0.671875]
----------ITER 383----------
[1.5181102, 1.0802295, 0.43788064, 0.66015625, 0.64453125]
----------ITER 384----------
[1.5268105, 0.9477005, 0.57911, 0.69921875, 0.58984375]
----------ITER 385----------
[1.5199769, 0.97685695, 0.5431199, 0.703125, 0.6171875]
----------ITER 386----------
[1.4478269, 0.92021734, 0.5276096, 0.71875, 0.640625]
----------ITER 387----------
[1.4856638, 1.0068057, 0.47885814, 0.6796875, 0.65625]
----------ITER 388----------
[1.6096025, 1.0325974, 0.577005, 0.65625, 0.65234375]
----------ITER 389----------
[1.5756552, 1.0077443, 0.56791085, 0.67578125, 0.640625]
----------ITER 390----------
[1.5875661, 0.9940556, 0.59351045, 0.6640625, 0.62890625]
----------ITER 391----------
[1.7062366, 1.0690954, 0.6371413, 0.640625, 0.609375]
----------ITER 392----------
[1.5623739, 1.0004827, 0.5618912, 0.66796875, 0.59375]
----------ITER 393----------
[1.4086652, 0.8416924, 0.56697273, 0.74609375, 0.57421875]
----------ITER 394----------
[1.4896872, 0.94436145, 0.54532576, 0.69140625, 0.61328125]
----------ITER 395----------
[1.6660953, 1.0219414, 0.6441538, 0.671875, 0.56640625]
----------ITER 396----------
[1.5704355, 0.89347494, 0.6769606, 0.72265625, 0.5625]
----------ITER 397----------
[1.4713969, 0.85209215, 0.6193048, 0.73046875, 0.5390625]
----------ITER 398----------
[1.5454702, 0.8946532, 0.6508171, 0.69140625, 0.53515625]
----------ITER 399----------
[1.4746598, 0.7671007, 0.7075591, 0.75390625, 0.4921875]
----------ITER 400----------
[1.7668527, 1.0736275, 0.69322526, 0.6484375, 0.52734375]
----------ITER 401----------
[1.533859, 0.8584623, 0.6753968, 0.68359375, 0.4765625]
----------ITER 402----------
[1.5316889, 0.8133211, 0.7183678, 0.72265625, 0.42578125]
----------ITER 403----------
[1.5408608, 0.90741765, 0.6334431, 0.71875, 0.4609375]
----------ITER 404----------
[1.4917599, 0.8368263, 0.6549336, 0.6875, 0.4765625]
----------ITER 405----------
[1.6051639, 1.0061424, 0.59902155, 0.6796875, 0.5]
----------ITER 406----------
[1.5388908, 0.9079541, 0.6309368, 0.68359375, 0.4609375]
----------ITER 407----------
[1.4424226, 0.88176453, 0.5606581, 0.67578125, 0.51171875]
----------ITER 408----------
[1.650101, 1.010442, 0.63965887, 0.6875, 0.48828125]
----------ITER 409----------
[1.5364319, 0.82653546, 0.70989645, 0.74609375, 0.4375]
----------ITER 410----------
[1.5290511, 0.83749163, 0.6915595, 0.70703125, 0.484375]
----------ITER 411----------
[1.3545513, 0.83750165, 0.51704973, 0.76171875, 0.51953125]
----------ITER 412----------
[1.6540312, 0.9260632, 0.727968, 0.68359375, 0.53125]
----------ITER 413----------
[1.4828594, 0.8577989, 0.6250605, 0.69140625, 0.51171875]
----------ITER 414----------
[1.4679875, 0.8382856, 0.629702, 0.6953125, 0.515625]
----------ITER 415----------
[1.6081427, 1.0264356, 0.5817071, 0.67578125, 0.6015625]
----------ITER 416----------
[1.5191746, 0.97748214, 0.5416925, 0.66796875, 0.6015625]
----------ITER 417----------
[1.4372185, 0.88254094, 0.5546776, 0.67578125, 0.53125]
----------ITER 418----------
[1.6551325, 1.0334133, 0.6217192, 0.671875, 0.5859375]
----------ITER 419----------
[1.5108979, 1.0091953, 0.50170255, 0.6640625, 0.6171875]
----------ITER 420----------
[1.3802413, 0.9485911, 0.43165016, 0.671875, 0.69921875]
----------ITER 421----------
[1.4265021, 0.8817798, 0.5447223, 0.6953125, 0.6328125]
----------ITER 422----------
[1.5171907, 0.9024666, 0.61472404, 0.703125, 0.6015625]
----------ITER 423----------
[1.6090354, 1.0151561, 0.5938792, 0.65234375, 0.640625]
----------ITER 424----------
[1.3429532, 0.9295472, 0.41340607, 0.67578125, 0.69921875]
----------ITER 425----------
[1.6077921, 1.121532, 0.48626018, 0.65625, 0.65234375]
----------ITER 426----------
[1.4263101, 0.963215, 0.4630951, 0.69140625, 0.796875]
----------ITER 427----------
[1.5192897, 0.9786189, 0.54067075, 0.69921875, 0.73046875]
----------ITER 428----------
[1.6053686, 1.079742, 0.5256266, 0.64453125, 0.6484375]
----------ITER 429----------
[1.3586764, 0.99557185, 0.3631046, 0.6875, 0.75]
----------ITER 430----------
[1.265626, 0.8284622, 0.4371638, 0.70703125, 0.6796875]
----------ITER 431----------
[1.4574752, 0.9021487, 0.5553264, 0.68359375, 0.66015625]
----------ITER 432----------
[1.497266, 0.942696, 0.5545701, 0.6875, 0.6640625]
----------ITER 433----------
[1.4452739, 0.86819994, 0.577074, 0.7421875, 0.62890625]
----------ITER 434----------
[1.2706575, 0.8244152, 0.4462423, 0.72265625, 0.703125]
----------ITER 435----------
[1.6522446, 1.0550416, 0.597203, 0.63671875, 0.62890625]
----------ITER 436----------
[1.5227537, 0.9239732, 0.5987805, 0.70703125, 0.62890625]
----------ITER 437----------
[1.5106848, 1.0002176, 0.5104673, 0.69140625, 0.62890625]
----------ITER 438----------
[1.406766, 0.85338223, 0.5533838, 0.73828125, 0.65234375]
----------ITER 439----------
[1.524903, 0.8926023, 0.6323008, 0.66796875, 0.5390625]
----------ITER 440----------
[1.596321, 0.9667579, 0.6295631, 0.72265625, 0.5546875]
----------ITER 441----------
[1.5023966, 0.8756269, 0.6267697, 0.6875, 0.5625]
----------ITER 442----------
[1.7085817, 1.0012394, 0.7073422, 0.6484375, 0.484375]
----------ITER 443----------
[1.4990008, 0.85627115, 0.6427297, 0.7421875, 0.5390625]
----------ITER 444----------
[1.5651517, 0.8770685, 0.68808323, 0.72265625, 0.5234375]
----------ITER 445----------
[1.4975808, 0.8499255, 0.64765525, 0.70703125, 0.52734375]
----------ITER 446----------
[1.3992096, 0.7943584, 0.60485125, 0.75, 0.5234375]
----------ITER 447----------
[1.7183875, 0.9560447, 0.7623428, 0.7109375, 0.484375]
----------ITER 448----------
[1.5675516, 0.90302694, 0.6645247, 0.70703125, 0.47265625]
----------ITER 449----------
[1.4848285, 0.8543212, 0.63050735, 0.734375, 0.44140625]
----------ITER 450----------
[1.5027788, 0.75676423, 0.74601454, 0.74609375, 0.38671875]
----------ITER 451----------
[1.5595789, 0.89416707, 0.66541183, 0.703125, 0.4296875]
----------ITER 452----------
[1.4128437, 0.7883595, 0.62448424, 0.73046875, 0.42578125]
----------ITER 453----------
[1.5883195, 0.8501367, 0.7381829, 0.72265625, 0.3984375]
----------ITER 454----------
[1.5190502, 0.87304175, 0.6460085, 0.75390625, 0.5]
----------ITER 455----------
[1.4803884, 0.85970604, 0.62068236, 0.70703125, 0.43359375]
----------ITER 456----------
[1.7568476, 0.9138092, 0.8430385, 0.68359375, 0.5]
----------ITER 457----------
[1.5905707, 0.9141004, 0.6764703, 0.68359375, 0.44140625]
----------ITER 458----------
[1.5248727, 0.884122, 0.64075065, 0.73046875, 0.421875]
----------ITER 459----------
[1.5873656, 0.94223917, 0.6451265, 0.703125, 0.484375]
----------ITER 460----------
[1.4791961, 0.8524368, 0.62675935, 0.71875, 0.48828125]
----------ITER 461----------
[1.4532304, 0.8469583, 0.60627216, 0.71484375, 0.4921875]
----------ITER 462----------
[1.526511, 0.9961928, 0.53031814, 0.6640625, 0.515625]
----------ITER 463----------
[1.5629867, 0.87492716, 0.68805957, 0.67578125, 0.51171875]
----------ITER 464----------
[1.6431367, 0.8735323, 0.7696045, 0.67578125, 0.38671875]
----------ITER 465----------
[1.5747852, 0.9132674, 0.66151786, 0.7109375, 0.453125]
----------ITER 466----------
[1.5760131, 0.8703809, 0.70563215, 0.6796875, 0.375]
----------ITER 467----------
[1.4786395, 0.84044504, 0.63819444, 0.70703125, 0.453125]
----------ITER 468----------
[1.4131302, 0.8207681, 0.59236205, 0.7421875, 0.44140625]
----------ITER 469----------
[1.5690632, 0.9666633, 0.6023998, 0.69921875, 0.44921875]
----------ITER 470----------
[1.4857941, 0.8594351, 0.6263589, 0.72265625, 0.515625]
----------ITER 471----------
[1.4463055, 0.88017654, 0.566129, 0.67578125, 0.44921875]
----------ITER 472----------
[1.5105771, 0.9638469, 0.54673016, 0.69921875, 0.46875]
----------ITER 473----------
[1.741251, 1.0802741, 0.6609769, 0.65234375, 0.578125]
----------ITER 474----------
[1.4162686, 0.8598918, 0.5563768, 0.69140625, 0.51171875]
----------ITER 475----------
[1.6527488, 0.93382305, 0.71892583, 0.6796875, 0.44921875]
----------ITER 476----------
[1.4573143, 0.88646424, 0.57085, 0.7265625, 0.546875]
----------ITER 477----------
[1.4637231, 0.84875774, 0.6149653, 0.703125, 0.5]
----------ITER 478----------
[1.4945598, 0.9174084, 0.5771514, 0.71484375, 0.53125]
----------ITER 479----------
[1.2717671, 0.76475215, 0.50701493, 0.71875, 0.55078125]
----------ITER 480----------
[1.3904967, 0.87854064, 0.5119561, 0.72265625, 0.5703125]
----------ITER 481----------
[1.2918754, 0.71943223, 0.5724431, 0.71484375, 0.53515625]